Grammar

    0 $accept: lines $end

    1 lines: ε
    2      | lines line

    3 line: line_body line_tail ';'

    4 line_tail: ε
    5          | line_tail color_state

    6 color_state: ',' COLOR

    7 line_body: statement
    8          | plotment

    9 statement: ID ASSIGN expr
   10          | ID ASSIGNPLOT expr

   11 plotment: STICKLINE '(' params ')'

   12 expr: '(' expr ')'
   13     | expr '+' expr
   14     | expr '-' expr
   15     | expr '*' expr
   16     | expr '/' expr
   17     | expr '>' expr
   18     | expr '<' expr
   19     | expr '=' expr
   20     | expr LE expr
   21     | expr GE expr
   22     | expr AND expr
   23     | expr OR expr
   24     | func
   25     | ID
   26     | NUMBER
   27     | FLOAT_NUM

   28 func: ID '(' params ')'

   29 params: expr
   30       | params ',' expr


Terminals, with rules where they appear

    $end (0) 0
    '(' (40) 11 12 28
    ')' (41) 11 12 28
    '*' (42) 15
    '+' (43) 13
    ',' (44) 6 30
    '-' (45) 14
    '/' (47) 16
    ';' (59) 3
    '<' (60) 18
    '=' (61) 19
    '>' (62) 17
    error (256)
    COLOR <sval> (258) 6
    STICKLINE <sval> (259) 11
    ID <sval> (260) 9 10 25 28
    NUMBER <sval> (261) 26
    FLOAT_NUM <sval> (262) 27
    ASSIGN (263) 9
    ASSIGNPLOT (264) 10
    AND (265) 22
    OR (266) 23
    LE (267) 20
    GE (268) 21


Nonterminals, with rules where they appear

    $accept (25)
        on left: 0
    lines <sval> (26)
        on left: 1 2
        on right: 0 2
    line <sval> (27)
        on left: 3
        on right: 2
    line_tail (28)
        on left: 4 5
        on right: 3 5
    color_state (29)
        on left: 6
        on right: 5
    line_body <sval> (30)
        on left: 7 8
        on right: 3
    statement <sval> (31)
        on left: 9 10
        on right: 7
    plotment <sval> (32)
        on left: 11
        on right: 8
    expr <sval> (33)
        on left: 12 13 14 15 16 17 18 19 20 21 22 23 24 25 26 27
        on right: 9 10 12 13 14 15 16 17 18 19 20 21 22 23 29 30
    func <sval> (34)
        on left: 28
        on right: 24
    params <sval> (35)
        on left: 29 30
        on right: 11 28 30


State 0

    0 $accept: • lines $end

    $default  reduce using rule 1 (lines)

    lines  go to state 1


State 1

    0 $accept: lines • $end
    2 lines: lines • line

    $end       shift, and go to state 2
    STICKLINE  shift, and go to state 3
    ID         shift, and go to state 4

    line       go to state 5
    line_body  go to state 6
    statement  go to state 7
    plotment   go to state 8


State 2

    0 $accept: lines $end •

    $default  accept


State 3

   11 plotment: STICKLINE • '(' params ')'

    '('  shift, and go to state 9


State 4

    9 statement: ID • ASSIGN expr
   10          | ID • ASSIGNPLOT expr

    ASSIGN      shift, and go to state 10
    ASSIGNPLOT  shift, and go to state 11


State 5

    2 lines: lines line •

    $default  reduce using rule 2 (lines)


State 6

    3 line: line_body • line_tail ';'

    $default  reduce using rule 4 (line_tail)

    line_tail  go to state 12


State 7

    7 line_body: statement •

    $default  reduce using rule 7 (line_body)


State 8

    8 line_body: plotment •

    $default  reduce using rule 8 (line_body)


State 9

   11 plotment: STICKLINE '(' • params ')'

    ID         shift, and go to state 13
    NUMBER     shift, and go to state 14
    FLOAT_NUM  shift, and go to state 15
    '('        shift, and go to state 16

    expr    go to state 17
    func    go to state 18
    params  go to state 19


State 10

    9 statement: ID ASSIGN • expr

    ID         shift, and go to state 13
    NUMBER     shift, and go to state 14
    FLOAT_NUM  shift, and go to state 15
    '('        shift, and go to state 16

    expr  go to state 20
    func  go to state 18


State 11

   10 statement: ID ASSIGNPLOT • expr

    ID         shift, and go to state 13
    NUMBER     shift, and go to state 14
    FLOAT_NUM  shift, and go to state 15
    '('        shift, and go to state 16

    expr  go to state 21
    func  go to state 18


State 12

    3 line: line_body line_tail • ';'
    5 line_tail: line_tail • color_state

    ';'  shift, and go to state 22
    ','  shift, and go to state 23

    color_state  go to state 24


State 13

   25 expr: ID •
   28 func: ID • '(' params ')'

    '('  shift, and go to state 25

    $default  reduce using rule 25 (expr)


State 14

   26 expr: NUMBER •

    $default  reduce using rule 26 (expr)


State 15

   27 expr: FLOAT_NUM •

    $default  reduce using rule 27 (expr)


State 16

   12 expr: '(' • expr ')'

    ID         shift, and go to state 13
    NUMBER     shift, and go to state 14
    FLOAT_NUM  shift, and go to state 15
    '('        shift, and go to state 16

    expr  go to state 26
    func  go to state 18


State 17

   13 expr: expr • '+' expr
   14     | expr • '-' expr
   15     | expr • '*' expr
   16     | expr • '/' expr
   17     | expr • '>' expr
   18     | expr • '<' expr
   19     | expr • '=' expr
   20     | expr • LE expr
   21     | expr • GE expr
   22     | expr • AND expr
   23     | expr • OR expr
   29 params: expr •

    AND  shift, and go to state 27
    OR   shift, and go to state 28
    '>'  shift, and go to state 29
    '<'  shift, and go to state 30
    '='  shift, and go to state 31
    LE   shift, and go to state 32
    GE   shift, and go to state 33
    '-'  shift, and go to state 34
    '+'  shift, and go to state 35
    '*'  shift, and go to state 36
    '/'  shift, and go to state 37

    $default  reduce using rule 29 (params)


State 18

   24 expr: func •

    $default  reduce using rule 24 (expr)


State 19

   11 plotment: STICKLINE '(' params • ')'
   30 params: params • ',' expr

    ','  shift, and go to state 38
    ')'  shift, and go to state 39


State 20

    9 statement: ID ASSIGN expr •
   13 expr: expr • '+' expr
   14     | expr • '-' expr
   15     | expr • '*' expr
   16     | expr • '/' expr
   17     | expr • '>' expr
   18     | expr • '<' expr
   19     | expr • '=' expr
   20     | expr • LE expr
   21     | expr • GE expr
   22     | expr • AND expr
   23     | expr • OR expr

    AND  shift, and go to state 27
    OR   shift, and go to state 28
    '>'  shift, and go to state 29
    '<'  shift, and go to state 30
    '='  shift, and go to state 31
    LE   shift, and go to state 32
    GE   shift, and go to state 33
    '-'  shift, and go to state 34
    '+'  shift, and go to state 35
    '*'  shift, and go to state 36
    '/'  shift, and go to state 37

    $default  reduce using rule 9 (statement)


State 21

   10 statement: ID ASSIGNPLOT expr •
   13 expr: expr • '+' expr
   14     | expr • '-' expr
   15     | expr • '*' expr
   16     | expr • '/' expr
   17     | expr • '>' expr
   18     | expr • '<' expr
   19     | expr • '=' expr
   20     | expr • LE expr
   21     | expr • GE expr
   22     | expr • AND expr
   23     | expr • OR expr

    AND  shift, and go to state 27
    OR   shift, and go to state 28
    '>'  shift, and go to state 29
    '<'  shift, and go to state 30
    '='  shift, and go to state 31
    LE   shift, and go to state 32
    GE   shift, and go to state 33
    '-'  shift, and go to state 34
    '+'  shift, and go to state 35
    '*'  shift, and go to state 36
    '/'  shift, and go to state 37

    $default  reduce using rule 10 (statement)


State 22

    3 line: line_body line_tail ';' •

    $default  reduce using rule 3 (line)


State 23

    6 color_state: ',' • COLOR

    COLOR  shift, and go to state 40


State 24

    5 line_tail: line_tail color_state •

    $default  reduce using rule 5 (line_tail)


State 25

   28 func: ID '(' • params ')'

    ID         shift, and go to state 13
    NUMBER     shift, and go to state 14
    FLOAT_NUM  shift, and go to state 15
    '('        shift, and go to state 16

    expr    go to state 17
    func    go to state 18
    params  go to state 41


State 26

   12 expr: '(' expr • ')'
   13     | expr • '+' expr
   14     | expr • '-' expr
   15     | expr • '*' expr
   16     | expr • '/' expr
   17     | expr • '>' expr
   18     | expr • '<' expr
   19     | expr • '=' expr
   20     | expr • LE expr
   21     | expr • GE expr
   22     | expr • AND expr
   23     | expr • OR expr

    AND  shift, and go to state 27
    OR   shift, and go to state 28
    '>'  shift, and go to state 29
    '<'  shift, and go to state 30
    '='  shift, and go to state 31
    LE   shift, and go to state 32
    GE   shift, and go to state 33
    '-'  shift, and go to state 34
    '+'  shift, and go to state 35
    '*'  shift, and go to state 36
    '/'  shift, and go to state 37
    ')'  shift, and go to state 42


State 27

   22 expr: expr AND • expr

    ID         shift, and go to state 13
    NUMBER     shift, and go to state 14
    FLOAT_NUM  shift, and go to state 15
    '('        shift, and go to state 16

    expr  go to state 43
    func  go to state 18


State 28

   23 expr: expr OR • expr

    ID         shift, and go to state 13
    NUMBER     shift, and go to state 14
    FLOAT_NUM  shift, and go to state 15
    '('        shift, and go to state 16

    expr  go to state 44
    func  go to state 18


State 29

   17 expr: expr '>' • expr

    ID         shift, and go to state 13
    NUMBER     shift, and go to state 14
    FLOAT_NUM  shift, and go to state 15
    '('        shift, and go to state 16

    expr  go to state 45
    func  go to state 18


State 30

   18 expr: expr '<' • expr

    ID         shift, and go to state 13
    NUMBER     shift, and go to state 14
    FLOAT_NUM  shift, and go to state 15
    '('        shift, and go to state 16

    expr  go to state 46
    func  go to state 18


State 31

   19 expr: expr '=' • expr

    ID         shift, and go to state 13
    NUMBER     shift, and go to state 14
    FLOAT_NUM  shift, and go to state 15
    '('        shift, and go to state 16

    expr  go to state 47
    func  go to state 18


State 32

   20 expr: expr LE • expr

    ID         shift, and go to state 13
    NUMBER     shift, and go to state 14
    FLOAT_NUM  shift, and go to state 15
    '('        shift, and go to state 16

    expr  go to state 48
    func  go to state 18


State 33

   21 expr: expr GE • expr

    ID         shift, and go to state 13
    NUMBER     shift, and go to state 14
    FLOAT_NUM  shift, and go to state 15
    '('        shift, and go to state 16

    expr  go to state 49
    func  go to state 18


State 34

   14 expr: expr '-' • expr

    ID         shift, and go to state 13
    NUMBER     shift, and go to state 14
    FLOAT_NUM  shift, and go to state 15
    '('        shift, and go to state 16

    expr  go to state 50
    func  go to state 18


State 35

   13 expr: expr '+' • expr

    ID         shift, and go to state 13
    NUMBER     shift, and go to state 14
    FLOAT_NUM  shift, and go to state 15
    '('        shift, and go to state 16

    expr  go to state 51
    func  go to state 18


State 36

   15 expr: expr '*' • expr

    ID         shift, and go to state 13
    NUMBER     shift, and go to state 14
    FLOAT_NUM  shift, and go to state 15
    '('        shift, and go to state 16

    expr  go to state 52
    func  go to state 18


State 37

   16 expr: expr '/' • expr

    ID         shift, and go to state 13
    NUMBER     shift, and go to state 14
    FLOAT_NUM  shift, and go to state 15
    '('        shift, and go to state 16

    expr  go to state 53
    func  go to state 18


State 38

   30 params: params ',' • expr

    ID         shift, and go to state 13
    NUMBER     shift, and go to state 14
    FLOAT_NUM  shift, and go to state 15
    '('        shift, and go to state 16

    expr  go to state 54
    func  go to state 18


State 39

   11 plotment: STICKLINE '(' params ')' •

    $default  reduce using rule 11 (plotment)


State 40

    6 color_state: ',' COLOR •

    $default  reduce using rule 6 (color_state)


State 41

   28 func: ID '(' params • ')'
   30 params: params • ',' expr

    ','  shift, and go to state 38
    ')'  shift, and go to state 55


State 42

   12 expr: '(' expr ')' •

    $default  reduce using rule 12 (expr)


State 43

   13 expr: expr • '+' expr
   14     | expr • '-' expr
   15     | expr • '*' expr
   16     | expr • '/' expr
   17     | expr • '>' expr
   18     | expr • '<' expr
   19     | expr • '=' expr
   20     | expr • LE expr
   21     | expr • GE expr
   22     | expr • AND expr
   22     | expr AND expr •
   23     | expr • OR expr

    '>'  shift, and go to state 29
    '<'  shift, and go to state 30
    '='  shift, and go to state 31
    LE   shift, and go to state 32
    GE   shift, and go to state 33
    '-'  shift, and go to state 34
    '+'  shift, and go to state 35
    '*'  shift, and go to state 36
    '/'  shift, and go to state 37

    $default  reduce using rule 22 (expr)


State 44

   13 expr: expr • '+' expr
   14     | expr • '-' expr
   15     | expr • '*' expr
   16     | expr • '/' expr
   17     | expr • '>' expr
   18     | expr • '<' expr
   19     | expr • '=' expr
   20     | expr • LE expr
   21     | expr • GE expr
   22     | expr • AND expr
   23     | expr • OR expr
   23     | expr OR expr •

    '>'  shift, and go to state 29
    '<'  shift, and go to state 30
    '='  shift, and go to state 31
    LE   shift, and go to state 32
    GE   shift, and go to state 33
    '-'  shift, and go to state 34
    '+'  shift, and go to state 35
    '*'  shift, and go to state 36
    '/'  shift, and go to state 37

    $default  reduce using rule 23 (expr)


State 45

   13 expr: expr • '+' expr
   14     | expr • '-' expr
   15     | expr • '*' expr
   16     | expr • '/' expr
   17     | expr • '>' expr
   17     | expr '>' expr •
   18     | expr • '<' expr
   19     | expr • '=' expr
   20     | expr • LE expr
   21     | expr • GE expr
   22     | expr • AND expr
   23     | expr • OR expr

    '-'  shift, and go to state 34
    '+'  shift, and go to state 35
    '*'  shift, and go to state 36
    '/'  shift, and go to state 37

    '>'  error (nonassociative)
    '<'  error (nonassociative)
    '='  error (nonassociative)
    LE   error (nonassociative)
    GE   error (nonassociative)

    $default  reduce using rule 17 (expr)


State 46

   13 expr: expr • '+' expr
   14     | expr • '-' expr
   15     | expr • '*' expr
   16     | expr • '/' expr
   17     | expr • '>' expr
   18     | expr • '<' expr
   18     | expr '<' expr •
   19     | expr • '=' expr
   20     | expr • LE expr
   21     | expr • GE expr
   22     | expr • AND expr
   23     | expr • OR expr

    '-'  shift, and go to state 34
    '+'  shift, and go to state 35
    '*'  shift, and go to state 36
    '/'  shift, and go to state 37

    '>'  error (nonassociative)
    '<'  error (nonassociative)
    '='  error (nonassociative)
    LE   error (nonassociative)
    GE   error (nonassociative)

    $default  reduce using rule 18 (expr)


State 47

   13 expr: expr • '+' expr
   14     | expr • '-' expr
   15     | expr • '*' expr
   16     | expr • '/' expr
   17     | expr • '>' expr
   18     | expr • '<' expr
   19     | expr • '=' expr
   19     | expr '=' expr •
   20     | expr • LE expr
   21     | expr • GE expr
   22     | expr • AND expr
   23     | expr • OR expr

    '-'  shift, and go to state 34
    '+'  shift, and go to state 35
    '*'  shift, and go to state 36
    '/'  shift, and go to state 37

    '>'  error (nonassociative)
    '<'  error (nonassociative)
    '='  error (nonassociative)
    LE   error (nonassociative)
    GE   error (nonassociative)

    $default  reduce using rule 19 (expr)


State 48

   13 expr: expr • '+' expr
   14     | expr • '-' expr
   15     | expr • '*' expr
   16     | expr • '/' expr
   17     | expr • '>' expr
   18     | expr • '<' expr
   19     | expr • '=' expr
   20     | expr • LE expr
   20     | expr LE expr •
   21     | expr • GE expr
   22     | expr • AND expr
   23     | expr • OR expr

    '-'  shift, and go to state 34
    '+'  shift, and go to state 35
    '*'  shift, and go to state 36
    '/'  shift, and go to state 37

    '>'  error (nonassociative)
    '<'  error (nonassociative)
    '='  error (nonassociative)
    LE   error (nonassociative)
    GE   error (nonassociative)

    $default  reduce using rule 20 (expr)


State 49

   13 expr: expr • '+' expr
   14     | expr • '-' expr
   15     | expr • '*' expr
   16     | expr • '/' expr
   17     | expr • '>' expr
   18     | expr • '<' expr
   19     | expr • '=' expr
   20     | expr • LE expr
   21     | expr • GE expr
   21     | expr GE expr •
   22     | expr • AND expr
   23     | expr • OR expr

    '-'  shift, and go to state 34
    '+'  shift, and go to state 35
    '*'  shift, and go to state 36
    '/'  shift, and go to state 37

    '>'  error (nonassociative)
    '<'  error (nonassociative)
    '='  error (nonassociative)
    LE   error (nonassociative)
    GE   error (nonassociative)

    $default  reduce using rule 21 (expr)


State 50

   13 expr: expr • '+' expr
   14     | expr • '-' expr
   14     | expr '-' expr •
   15     | expr • '*' expr
   16     | expr • '/' expr
   17     | expr • '>' expr
   18     | expr • '<' expr
   19     | expr • '=' expr
   20     | expr • LE expr
   21     | expr • GE expr
   22     | expr • AND expr
   23     | expr • OR expr

    '*'  shift, and go to state 36
    '/'  shift, and go to state 37

    $default  reduce using rule 14 (expr)


State 51

   13 expr: expr • '+' expr
   13     | expr '+' expr •
   14     | expr • '-' expr
   15     | expr • '*' expr
   16     | expr • '/' expr
   17     | expr • '>' expr
   18     | expr • '<' expr
   19     | expr • '=' expr
   20     | expr • LE expr
   21     | expr • GE expr
   22     | expr • AND expr
   23     | expr • OR expr

    '*'  shift, and go to state 36
    '/'  shift, and go to state 37

    $default  reduce using rule 13 (expr)


State 52

   13 expr: expr • '+' expr
   14     | expr • '-' expr
   15     | expr • '*' expr
   15     | expr '*' expr •
   16     | expr • '/' expr
   17     | expr • '>' expr
   18     | expr • '<' expr
   19     | expr • '=' expr
   20     | expr • LE expr
   21     | expr • GE expr
   22     | expr • AND expr
   23     | expr • OR expr

    $default  reduce using rule 15 (expr)


State 53

   13 expr: expr • '+' expr
   14     | expr • '-' expr
   15     | expr • '*' expr
   16     | expr • '/' expr
   16     | expr '/' expr •
   17     | expr • '>' expr
   18     | expr • '<' expr
   19     | expr • '=' expr
   20     | expr • LE expr
   21     | expr • GE expr
   22     | expr • AND expr
   23     | expr • OR expr

    $default  reduce using rule 16 (expr)


State 54

   13 expr: expr • '+' expr
   14     | expr • '-' expr
   15     | expr • '*' expr
   16     | expr • '/' expr
   17     | expr • '>' expr
   18     | expr • '<' expr
   19     | expr • '=' expr
   20     | expr • LE expr
   21     | expr • GE expr
   22     | expr • AND expr
   23     | expr • OR expr
   30 params: params ',' expr •

    AND  shift, and go to state 27
    OR   shift, and go to state 28
    '>'  shift, and go to state 29
    '<'  shift, and go to state 30
    '='  shift, and go to state 31
    LE   shift, and go to state 32
    GE   shift, and go to state 33
    '-'  shift, and go to state 34
    '+'  shift, and go to state 35
    '*'  shift, and go to state 36
    '/'  shift, and go to state 37

    $default  reduce using rule 30 (params)


State 55

   28 func: ID '(' params ')' •

    $default  reduce using rule 28 (func)
